<?xml version="1.0" encoding="UTF-8"?>
<testng-results ignored="0" total="1" passed="1" failed="0" skipped="0">
  <reporter-output>
  </reporter-output>
  <suite started-at="2024-05-30T21:43:28 IST" name="Default suite" finished-at="2024-05-30T21:43:38 IST" duration-ms="10552">
    <groups>
    </groups>
    <test started-at="2024-05-30T21:43:28 IST" name="Default test" finished-at="2024-05-30T21:43:38 IST" duration-ms="10552">
      <class name="testCases.TC001_WebInput">
        <test-method is-config="true" signature="setUp()[pri:0, instance:testCases.TC001_WebInput@531c311e]" started-at="2024-05-30T21:43:28 IST" name="setUp" finished-at="2024-05-30T21:43:31 IST" duration-ms="3351" status="PASS">
          <reporter-output>
          </reporter-output>
        </test-method> <!-- setUp -->
        <test-method signature="WebInputTestValidation()[pri:0, instance:testCases.TC001_WebInput@531c311e]" started-at="2024-05-30T21:43:31 IST" name="WebInputTestValidation" finished-at="2024-05-30T21:43:38 IST" duration-ms="7156" status="PASS">
          <reporter-output>
          </reporter-output>
        </test-method> <!-- WebInputTestValidation -->
      </class> <!-- testCases.TC001_WebInput -->
    </test> <!-- Default test -->
  </suite> <!-- Default suite -->
</testng-results>
