<?xml version="1.0" encoding="UTF-8"?>
<testng-results ignored="0" total="1" passed="1" failed="0" skipped="0">
  <reporter-output>
  </reporter-output>
  <suite started-at="2024-05-31T21:28:05 IST" name="Suite" finished-at="2024-05-31T21:28:14 IST" duration-ms="8832">
    <groups>
    </groups>
    <test started-at="2024-05-31T21:28:05 IST" name="Test" finished-at="2024-05-31T21:28:14 IST" duration-ms="8832">
      <class name="testCases.TC001_WebInput">
        <test-method is-config="true" signature="setup(java.lang.String,java.lang.String)[pri:0, instance:testCases.TC001_WebInput@6273c5a4]" started-at="2024-05-31T21:28:05 IST" name="setup" finished-at="2024-05-31T21:28:11 IST" duration-ms="6148" status="PASS">
          <params>
            <param index="0">
              <value>
                <![CDATA[Windows]]>
              </value>
            </param>
            <param index="1">
              <value>
                <![CDATA[chrome]]>
              </value>
            </param>
          </params>
          <reporter-output>
          </reporter-output>
        </test-method> <!-- setup -->
        <test-method signature="WebInputTestValidation()[pri:0, instance:testCases.TC001_WebInput@6273c5a4]" started-at="2024-05-31T21:28:11 IST" name="WebInputTestValidation" finished-at="2024-05-31T21:28:13 IST" duration-ms="2340" status="PASS">
          <reporter-output>
          </reporter-output>
        </test-method> <!-- WebInputTestValidation -->
        <test-method is-config="true" signature="tearDown()[pri:0, instance:testCases.TC001_WebInput@6273c5a4]" started-at="2024-05-31T21:28:13 IST" name="tearDown" finished-at="2024-05-31T21:28:14 IST" duration-ms="283" status="PASS">
          <reporter-output>
          </reporter-output>
        </test-method> <!-- tearDown -->
      </class> <!-- testCases.TC001_WebInput -->
    </test> <!-- Test -->
  </suite> <!-- Suite -->
</testng-results>
